#-----------------------------------------------------------
# Vivado v2019.1 (64-bit)
# SW Build 2552052 on Fri May 24 14:49:42 MDT 2019
# IP Build 2548770 on Fri May 24 18:01:18 MDT 2019
# Start of session at: Fri Jul  5 11:28:00 2024
# Process ID: 10100
# Current directory: D:/FPGA_project/lenet_7010/lenet_hls_010/lenet_hls_010/s_5/impl/ip
# Command line: vivado.exe -notrace -mode batch -source run_ippack.tcl
# Log file: D:/FPGA_project/lenet_7010/lenet_hls_010/lenet_hls_010/s_5/impl/ip/vivado.log
# Journal file: D:/FPGA_project/lenet_7010/lenet_hls_010/lenet_hls_010/s_5/impl/ip\vivado.jou
#-----------------------------------------------------------
source run_ippack.tcl -notrace
create_project: Time (s): cpu = 00:00:02 ; elapsed = 00:00:11 . Memory (MB): peak = 359.234 ; gain = 66.059
INFO: [IP_Flow 19-234] Refreshing IP repositories
INFO: [IP_Flow 19-1704] No user IP repositories specified
INFO: [IP_Flow 19-2313] Loaded Vivado IP repository 'D:/vivado/xilinx/Vivado/2019.1/data/ip'.
WARNING: [IP_Flow 19-4832] The IP name 'lenet_ap_fadd_2_full_dsp_32' you have specified is long. The Windows operating system has path length limitations. It is recommended you use shorter names to reduce the likelihood of issues.
create_ip: Time (s): cpu = 00:00:03 ; elapsed = 00:00:24 . Memory (MB): peak = 400.273 ; gain = 41.039
INFO: [IP_Flow 19-1686] Generating 'Synthesis' target for IP 'lenet_ap_fadd_2_full_dsp_32'...
INFO: [IP_Flow 19-1686] Generating 'Simulation' target for IP 'lenet_ap_fadd_2_full_dsp_32'...
WARNING: [IP_Flow 19-4832] The IP name 'lenet_ap_fdiv_10_no_dsp_32' you have specified is long. The Windows operating system has path length limitations. It is recommended you use shorter names to reduce the likelihood of issues.
INFO: [IP_Flow 19-1686] Generating 'Synthesis' target for IP 'lenet_ap_fdiv_10_no_dsp_32'...
INFO: [IP_Flow 19-1686] Generating 'Simulation' target for IP 'lenet_ap_fdiv_10_no_dsp_32'...
WARNING: [IP_Flow 19-4832] The IP name 'lenet_ap_fexp_6_full_dsp_32' you have specified is long. The Windows operating system has path length limitations. It is recommended you use shorter names to reduce the likelihood of issues.
INFO: [IP_Flow 19-1686] Generating 'Synthesis' target for IP 'lenet_ap_fexp_6_full_dsp_32'...
INFO: [IP_Flow 19-1686] Generating 'Simulation' target for IP 'lenet_ap_fexp_6_full_dsp_32'...
WARNING: [IP_Flow 19-4832] The IP name 'lenet_ap_fpext_0_no_dsp_32' you have specified is long. The Windows operating system has path length limitations. It is recommended you use shorter names to reduce the likelihood of issues.
INFO: [IP_Flow 19-1686] Generating 'Synthesis' target for IP 'lenet_ap_fpext_0_no_dsp_32'...
INFO: [IP_Flow 19-1686] Generating 'Simulation' target for IP 'lenet_ap_fpext_0_no_dsp_32'...
INFO: [IP_Flow 19-234] Refreshing IP repositories
INFO: [IP_Flow 19-1704] No user IP repositories specified
INFO: [IP_Flow 19-2313] Loaded Vivado IP repository 'D:/vivado/xilinx/Vivado/2019.1/data/ip'.
ipx::update_checksums: Time (s): cpu = 00:00:01 ; elapsed = 00:00:06 . Memory (MB): peak = 421.227 ; gain = 0.000
INFO: [Common 17-206] Exiting Vivado at Fri Jul  5 11:29:12 2024...
