Duplicated file found; will not be sent for synthesis: d:/FPGA_project/lenet_7010/lenet_v_p/lenet_v_p.srcs/sources_1/bd/design_1/ipshared/1ddd/hdl/verilog/sc_util_v1_0_4_constants.vh
Duplicated file found; will not be sent for synthesis: d:/FPGA_project/lenet_7010/lenet_v_p/lenet_v_p.srcs/sources_1/bd/design_1/ipshared/1ddd/hdl/verilog/sc_util_v1_0_4_structs.svh
Duplicated file found; will not be sent for synthesis: d:/FPGA_project/lenet_7010/lenet_v_p/lenet_v_p.srcs/sources_1/bd/design_1/ipshared/1ddd/hdl/sc_util_v1_0_vl_rfs.sv
Duplicated file found; will not be sent for synthesis: d:/FPGA_project/lenet_7010/lenet_v_p/lenet_v_p.srcs/sources_1/bd/design_1/ipshared/c012/hdl/sc_switchboard_v1_0_vl_rfs.sv
Duplicated file found; will not be sent for synthesis: d:/FPGA_project/lenet_7010/lenet_v_p/lenet_v_p.srcs/sources_1/bd/design_1/ipshared/1ddd/hdl/verilog/sc_util_v1_0_4_constants.vh
Duplicated file found; will not be sent for synthesis: d:/FPGA_project/lenet_7010/lenet_v_p/lenet_v_p.srcs/sources_1/bd/design_1/ipshared/1ddd/hdl/verilog/sc_util_v1_0_4_structs.svh
Duplicated file found; will not be sent for synthesis: d:/FPGA_project/lenet_7010/lenet_v_p/lenet_v_p.srcs/sources_1/bd/design_1/ipshared/1ddd/hdl/sc_util_v1_0_vl_rfs.sv
Duplicated file found; will not be sent for synthesis: d:/FPGA_project/lenet_7010/lenet_v_p/lenet_v_p.srcs/sources_1/bd/design_1/ipshared/c012/hdl/sc_switchboard_v1_0_vl_rfs.sv
Duplicated file found; will not be sent for synthesis: d:/FPGA_project/lenet_7010/lenet_v_p/lenet_v_p.srcs/sources_1/bd/design_1/ipshared/1ddd/hdl/verilog/sc_util_v1_0_4_constants.vh
Duplicated file found; will not be sent for synthesis: d:/FPGA_project/lenet_7010/lenet_v_p/lenet_v_p.srcs/sources_1/bd/design_1/ipshared/1ddd/hdl/verilog/sc_util_v1_0_4_structs.svh
Duplicated file found; will not be sent for synthesis: d:/FPGA_project/lenet_7010/lenet_v_p/lenet_v_p.srcs/sources_1/bd/design_1/ipshared/1ddd/hdl/sc_util_v1_0_vl_rfs.sv
Duplicated file found; will not be sent for synthesis: d:/FPGA_project/lenet_7010/lenet_v_p/lenet_v_p.srcs/sources_1/bd/design_1/ipshared/c012/hdl/sc_switchboard_v1_0_vl_rfs.sv
Duplicated file found; will not be sent for synthesis: d:/FPGA_project/lenet_7010/lenet_v_p/lenet_v_p.srcs/sources_1/bd/design_1/ipshared/1ddd/hdl/verilog/sc_util_v1_0_4_constants.vh
Duplicated file found; will not be sent for synthesis: d:/FPGA_project/lenet_7010/lenet_v_p/lenet_v_p.srcs/sources_1/bd/design_1/ipshared/1ddd/hdl/verilog/sc_util_v1_0_4_structs.svh
Duplicated file found; will not be sent for synthesis: d:/FPGA_project/lenet_7010/lenet_v_p/lenet_v_p.srcs/sources_1/bd/design_1/ipshared/1ddd/hdl/sc_util_v1_0_vl_rfs.sv
Duplicated file found; will not be sent for synthesis: d:/FPGA_project/lenet_7010/lenet_v_p/lenet_v_p.srcs/sources_1/bd/design_1/ipshared/c012/hdl/sc_switchboard_v1_0_vl_rfs.sv
Duplicated file found; will not be sent for synthesis: d:/FPGA_project/lenet_7010/lenet_v_p/lenet_v_p.srcs/sources_1/bd/design_1/ipshared/1ddd/hdl/verilog/sc_util_v1_0_4_constants.vh
Duplicated file found; will not be sent for synthesis: d:/FPGA_project/lenet_7010/lenet_v_p/lenet_v_p.srcs/sources_1/bd/design_1/ipshared/1ddd/hdl/verilog/sc_util_v1_0_4_structs.svh
Duplicated file found; will not be sent for synthesis: d:/FPGA_project/lenet_7010/lenet_v_p/lenet_v_p.srcs/sources_1/bd/design_1/ipshared/1ddd/hdl/sc_util_v1_0_vl_rfs.sv
Duplicated file found; will not be sent for synthesis: d:/FPGA_project/lenet_7010/lenet_v_p/lenet_v_p.srcs/sources_1/bd/design_1/ipshared/1ddd/hdl/verilog/sc_util_v1_0_4_constants.vh
Duplicated file found; will not be sent for synthesis: d:/FPGA_project/lenet_7010/lenet_v_p/lenet_v_p.srcs/sources_1/bd/design_1/ipshared/1ddd/hdl/verilog/sc_util_v1_0_4_structs.svh
Duplicated file found; will not be sent for synthesis: d:/FPGA_project/lenet_7010/lenet_v_p/lenet_v_p.srcs/sources_1/bd/design_1/ipshared/1ddd/hdl/sc_util_v1_0_vl_rfs.sv
Duplicated file found; will not be sent for synthesis: d:/FPGA_project/lenet_7010/lenet_v_p/lenet_v_p.srcs/sources_1/bd/design_1/ipshared/1ddd/hdl/verilog/sc_util_v1_0_4_constants.vh
Duplicated file found; will not be sent for synthesis: d:/FPGA_project/lenet_7010/lenet_v_p/lenet_v_p.srcs/sources_1/bd/design_1/ipshared/1ddd/hdl/verilog/sc_util_v1_0_4_structs.svh
Duplicated file found; will not be sent for synthesis: d:/FPGA_project/lenet_7010/lenet_v_p/lenet_v_p.srcs/sources_1/bd/design_1/ipshared/1ddd/hdl/sc_util_v1_0_vl_rfs.sv
Duplicated file found; will not be sent for synthesis: d:/FPGA_project/lenet_7010/lenet_v_p/lenet_v_p.srcs/sources_1/bd/design_1/ipshared/1ddd/hdl/verilog/sc_util_v1_0_4_constants.vh
Duplicated file found; will not be sent for synthesis: d:/FPGA_project/lenet_7010/lenet_v_p/lenet_v_p.srcs/sources_1/bd/design_1/ipshared/1ddd/hdl/verilog/sc_util_v1_0_4_structs.svh
Duplicated file found; will not be sent for synthesis: d:/FPGA_project/lenet_7010/lenet_v_p/lenet_v_p.srcs/sources_1/bd/design_1/ipshared/1ddd/hdl/sc_util_v1_0_vl_rfs.sv
Duplicated file found; will not be sent for synthesis: d:/FPGA_project/lenet_7010/lenet_v_p/lenet_v_p.srcs/sources_1/bd/design_1/ipshared/1ddd/hdl/verilog/sc_util_v1_0_4_constants.vh
Duplicated file found; will not be sent for synthesis: d:/FPGA_project/lenet_7010/lenet_v_p/lenet_v_p.srcs/sources_1/bd/design_1/ipshared/1ddd/hdl/verilog/sc_util_v1_0_4_structs.svh
Duplicated file found; will not be sent for synthesis: d:/FPGA_project/lenet_7010/lenet_v_p/lenet_v_p.srcs/sources_1/bd/design_1/ipshared/1ddd/hdl/sc_util_v1_0_vl_rfs.sv
Duplicated file found; will not be sent for synthesis: d:/FPGA_project/lenet_7010/lenet_v_p/lenet_v_p.srcs/sources_1/bd/design_1/ipshared/1ddd/hdl/verilog/sc_util_v1_0_4_constants.vh
Duplicated file found; will not be sent for synthesis: d:/FPGA_project/lenet_7010/lenet_v_p/lenet_v_p.srcs/sources_1/bd/design_1/ipshared/1ddd/hdl/verilog/sc_util_v1_0_4_structs.svh
Duplicated file found; will not be sent for synthesis: d:/FPGA_project/lenet_7010/lenet_v_p/lenet_v_p.srcs/sources_1/bd/design_1/ipshared/1ddd/hdl/sc_util_v1_0_vl_rfs.sv
Duplicated file found; will not be sent for synthesis: d:/FPGA_project/lenet_7010/lenet_v_p/lenet_v_p.srcs/sources_1/bd/design_1/ipshared/b2d0/hdl/verilog/sc_node_v1_0_10_t_reqsend.svh
Duplicated file found; will not be sent for synthesis: d:/FPGA_project/lenet_7010/lenet_v_p/lenet_v_p.srcs/sources_1/bd/design_1/ipshared/b2d0/hdl/sc_node_v1_0_vl_rfs.sv
Duplicated file found; will not be sent for synthesis: d:/FPGA_project/lenet_7010/lenet_v_p/lenet_v_p.srcs/sources_1/bd/design_1/ipshared/1ddd/hdl/verilog/sc_util_v1_0_4_constants.vh
Duplicated file found; will not be sent for synthesis: d:/FPGA_project/lenet_7010/lenet_v_p/lenet_v_p.srcs/sources_1/bd/design_1/ipshared/1ddd/hdl/verilog/sc_util_v1_0_4_structs.svh
Duplicated file found; will not be sent for synthesis: d:/FPGA_project/lenet_7010/lenet_v_p/lenet_v_p.srcs/sources_1/bd/design_1/ipshared/1ddd/hdl/sc_util_v1_0_vl_rfs.sv
Duplicated file found; will not be sent for synthesis: d:/FPGA_project/lenet_7010/lenet_v_p/lenet_v_p.srcs/sources_1/bd/design_1/ipshared/b2d0/hdl/verilog/sc_node_v1_0_10_t_reqsend.svh
Duplicated file found; will not be sent for synthesis: d:/FPGA_project/lenet_7010/lenet_v_p/lenet_v_p.srcs/sources_1/bd/design_1/ipshared/b2d0/hdl/sc_node_v1_0_vl_rfs.sv
Duplicated file found; will not be sent for synthesis: d:/FPGA_project/lenet_7010/lenet_v_p/lenet_v_p.srcs/sources_1/bd/design_1/ipshared/1ddd/hdl/verilog/sc_util_v1_0_4_constants.vh
Duplicated file found; will not be sent for synthesis: d:/FPGA_project/lenet_7010/lenet_v_p/lenet_v_p.srcs/sources_1/bd/design_1/ipshared/1ddd/hdl/verilog/sc_util_v1_0_4_structs.svh
Duplicated file found; will not be sent for synthesis: d:/FPGA_project/lenet_7010/lenet_v_p/lenet_v_p.srcs/sources_1/bd/design_1/ipshared/1ddd/hdl/sc_util_v1_0_vl_rfs.sv
Duplicated file found; will not be sent for synthesis: d:/FPGA_project/lenet_7010/lenet_v_p/lenet_v_p.srcs/sources_1/bd/design_1/ipshared/b2d0/hdl/verilog/sc_node_v1_0_10_t_reqsend.svh
Duplicated file found; will not be sent for synthesis: d:/FPGA_project/lenet_7010/lenet_v_p/lenet_v_p.srcs/sources_1/bd/design_1/ipshared/b2d0/hdl/sc_node_v1_0_vl_rfs.sv
Duplicated file found; will not be sent for synthesis: d:/FPGA_project/lenet_7010/lenet_v_p/lenet_v_p.srcs/sources_1/bd/design_1/ipshared/1ddd/hdl/verilog/sc_util_v1_0_4_constants.vh
Duplicated file found; will not be sent for synthesis: d:/FPGA_project/lenet_7010/lenet_v_p/lenet_v_p.srcs/sources_1/bd/design_1/ipshared/1ddd/hdl/verilog/sc_util_v1_0_4_structs.svh
Duplicated file found; will not be sent for synthesis: d:/FPGA_project/lenet_7010/lenet_v_p/lenet_v_p.srcs/sources_1/bd/design_1/ipshared/1ddd/hdl/sc_util_v1_0_vl_rfs.sv
Duplicated file found; will not be sent for synthesis: d:/FPGA_project/lenet_7010/lenet_v_p/lenet_v_p.srcs/sources_1/bd/design_1/ipshared/b2d0/hdl/verilog/sc_node_v1_0_10_t_reqsend.svh
Duplicated file found; will not be sent for synthesis: d:/FPGA_project/lenet_7010/lenet_v_p/lenet_v_p.srcs/sources_1/bd/design_1/ipshared/b2d0/hdl/sc_node_v1_0_vl_rfs.sv
Duplicated file found; will not be sent for synthesis: d:/FPGA_project/lenet_7010/lenet_v_p/lenet_v_p.srcs/sources_1/bd/design_1/ipshared/1ddd/hdl/verilog/sc_util_v1_0_4_constants.vh
Duplicated file found; will not be sent for synthesis: d:/FPGA_project/lenet_7010/lenet_v_p/lenet_v_p.srcs/sources_1/bd/design_1/ipshared/1ddd/hdl/verilog/sc_util_v1_0_4_structs.svh
Duplicated file found; will not be sent for synthesis: d:/FPGA_project/lenet_7010/lenet_v_p/lenet_v_p.srcs/sources_1/bd/design_1/ipshared/1ddd/hdl/sc_util_v1_0_vl_rfs.sv
Duplicated file found; will not be sent for synthesis: d:/FPGA_project/lenet_7010/lenet_v_p/lenet_v_p.srcs/sources_1/bd/design_1/ipshared/1ddd/hdl/verilog/sc_util_v1_0_4_constants.vh
Duplicated file found; will not be sent for synthesis: d:/FPGA_project/lenet_7010/lenet_v_p/lenet_v_p.srcs/sources_1/bd/design_1/ipshared/1ddd/hdl/verilog/sc_util_v1_0_4_structs.svh
Duplicated file found; will not be sent for synthesis: d:/FPGA_project/lenet_7010/lenet_v_p/lenet_v_p.srcs/sources_1/bd/design_1/ipshared/1ddd/hdl/sc_util_v1_0_vl_rfs.sv
Duplicated file found; will not be sent for synthesis: d:/FPGA_project/lenet_7010/lenet_v_p/lenet_v_p.srcs/sources_1/bd/design_1/ipshared/b2d0/hdl/verilog/sc_node_v1_0_10_t_reqsend.svh
Duplicated file found; will not be sent for synthesis: d:/FPGA_project/lenet_7010/lenet_v_p/lenet_v_p.srcs/sources_1/bd/design_1/ipshared/b2d0/hdl/sc_node_v1_0_vl_rfs.sv
Duplicated file found; will not be sent for synthesis: d:/FPGA_project/lenet_7010/lenet_v_p/lenet_v_p.srcs/sources_1/bd/design_1/ipshared/1ddd/hdl/verilog/sc_util_v1_0_4_constants.vh
Duplicated file found; will not be sent for synthesis: d:/FPGA_project/lenet_7010/lenet_v_p/lenet_v_p.srcs/sources_1/bd/design_1/ipshared/1ddd/hdl/verilog/sc_util_v1_0_4_structs.svh
Duplicated file found; will not be sent for synthesis: d:/FPGA_project/lenet_7010/lenet_v_p/lenet_v_p.srcs/sources_1/bd/design_1/ipshared/1ddd/hdl/sc_util_v1_0_vl_rfs.sv
Duplicated file found; will not be sent for synthesis: d:/FPGA_project/lenet_7010/lenet_v_p/lenet_v_p.srcs/sources_1/bd/design_1/ipshared/b2d0/hdl/verilog/sc_node_v1_0_10_t_reqsend.svh
Duplicated file found; will not be sent for synthesis: d:/FPGA_project/lenet_7010/lenet_v_p/lenet_v_p.srcs/sources_1/bd/design_1/ipshared/b2d0/hdl/sc_node_v1_0_vl_rfs.sv
Duplicated file found; will not be sent for synthesis: d:/FPGA_project/lenet_7010/lenet_v_p/lenet_v_p.srcs/sources_1/bd/design_1/ipshared/1ddd/hdl/verilog/sc_util_v1_0_4_constants.vh
Duplicated file found; will not be sent for synthesis: d:/FPGA_project/lenet_7010/lenet_v_p/lenet_v_p.srcs/sources_1/bd/design_1/ipshared/1ddd/hdl/verilog/sc_util_v1_0_4_structs.svh
Duplicated file found; will not be sent for synthesis: d:/FPGA_project/lenet_7010/lenet_v_p/lenet_v_p.srcs/sources_1/bd/design_1/ipshared/1ddd/hdl/sc_util_v1_0_vl_rfs.sv
Duplicated file found; will not be sent for synthesis: d:/FPGA_project/lenet_7010/lenet_v_p/lenet_v_p.srcs/sources_1/bd/design_1/ipshared/b2d0/hdl/verilog/sc_node_v1_0_10_t_reqsend.svh
Duplicated file found; will not be sent for synthesis: d:/FPGA_project/lenet_7010/lenet_v_p/lenet_v_p.srcs/sources_1/bd/design_1/ipshared/b2d0/hdl/sc_node_v1_0_vl_rfs.sv
Duplicated file found; will not be sent for synthesis: d:/FPGA_project/lenet_7010/lenet_v_p/lenet_v_p.srcs/sources_1/bd/design_1/ipshared/1ddd/hdl/verilog/sc_util_v1_0_4_constants.vh
Duplicated file found; will not be sent for synthesis: d:/FPGA_project/lenet_7010/lenet_v_p/lenet_v_p.srcs/sources_1/bd/design_1/ipshared/1ddd/hdl/verilog/sc_util_v1_0_4_structs.svh
Duplicated file found; will not be sent for synthesis: d:/FPGA_project/lenet_7010/lenet_v_p/lenet_v_p.srcs/sources_1/bd/design_1/ipshared/1ddd/hdl/sc_util_v1_0_vl_rfs.sv
Duplicated file found; will not be sent for synthesis: d:/FPGA_project/lenet_7010/lenet_v_p/lenet_v_p.srcs/sources_1/bd/design_1/ipshared/b2d0/hdl/verilog/sc_node_v1_0_10_t_reqsend.svh
Duplicated file found; will not be sent for synthesis: d:/FPGA_project/lenet_7010/lenet_v_p/lenet_v_p.srcs/sources_1/bd/design_1/ipshared/b2d0/hdl/sc_node_v1_0_vl_rfs.sv
Duplicated file found; will not be sent for synthesis: d:/FPGA_project/lenet_7010/lenet_v_p/lenet_v_p.srcs/sources_1/bd/design_1/ipshared/1ddd/hdl/verilog/sc_util_v1_0_4_constants.vh
Duplicated file found; will not be sent for synthesis: d:/FPGA_project/lenet_7010/lenet_v_p/lenet_v_p.srcs/sources_1/bd/design_1/ipshared/1ddd/hdl/verilog/sc_util_v1_0_4_structs.svh
Duplicated file found; will not be sent for synthesis: d:/FPGA_project/lenet_7010/lenet_v_p/lenet_v_p.srcs/sources_1/bd/design_1/ipshared/1ddd/hdl/sc_util_v1_0_vl_rfs.sv
Duplicated file found; will not be sent for synthesis: d:/FPGA_project/lenet_7010/lenet_v_p/lenet_v_p.srcs/sources_1/bd/design_1/ipshared/b2d0/hdl/verilog/sc_node_v1_0_10_t_reqsend.svh
Duplicated file found; will not be sent for synthesis: d:/FPGA_project/lenet_7010/lenet_v_p/lenet_v_p.srcs/sources_1/bd/design_1/ipshared/b2d0/hdl/sc_node_v1_0_vl_rfs.sv
Duplicated file found; will not be sent for synthesis: d:/FPGA_project/lenet_7010/lenet_v_p/lenet_v_p.srcs/sources_1/bd/design_1/ipshared/1ddd/hdl/verilog/sc_util_v1_0_4_constants.vh
Duplicated file found; will not be sent for synthesis: d:/FPGA_project/lenet_7010/lenet_v_p/lenet_v_p.srcs/sources_1/bd/design_1/ipshared/1ddd/hdl/verilog/sc_util_v1_0_4_structs.svh
Duplicated file found; will not be sent for synthesis: d:/FPGA_project/lenet_7010/lenet_v_p/lenet_v_p.srcs/sources_1/bd/design_1/ipshared/1ddd/hdl/sc_util_v1_0_vl_rfs.sv
Duplicated file found; will not be sent for synthesis: d:/FPGA_project/lenet_7010/lenet_v_p/lenet_v_p.srcs/sources_1/bd/design_1/ipshared/1ddd/hdl/verilog/sc_util_v1_0_4_constants.vh
Duplicated file found; will not be sent for synthesis: d:/FPGA_project/lenet_7010/lenet_v_p/lenet_v_p.srcs/sources_1/bd/design_1/ipshared/1ddd/hdl/verilog/sc_util_v1_0_4_structs.svh
Duplicated file found; will not be sent for synthesis: d:/FPGA_project/lenet_7010/lenet_v_p/lenet_v_p.srcs/sources_1/bd/design_1/ipshared/1ddd/hdl/sc_util_v1_0_vl_rfs.sv
Duplicated file found; will not be sent for synthesis: d:/FPGA_project/lenet_7010/lenet_v_p/lenet_v_p.srcs/sources_1/bd/design_1/ipshared/7005/hdl/sc_sc2axi_v1_0_vl_rfs.sv
Duplicated file found; will not be sent for synthesis: d:/FPGA_project/lenet_7010/lenet_v_p/lenet_v_p.srcs/sources_1/bd/design_1/ipshared/1ddd/hdl/verilog/sc_util_v1_0_4_constants.vh
Duplicated file found; will not be sent for synthesis: d:/FPGA_project/lenet_7010/lenet_v_p/lenet_v_p.srcs/sources_1/bd/design_1/ipshared/1ddd/hdl/verilog/sc_util_v1_0_4_structs.svh
Duplicated file found; will not be sent for synthesis: d:/FPGA_project/lenet_7010/lenet_v_p/lenet_v_p.srcs/sources_1/bd/design_1/ipshared/1ddd/hdl/sc_util_v1_0_vl_rfs.sv
Duplicated file found; will not be sent for synthesis: d:/FPGA_project/lenet_7010/lenet_v_p/lenet_v_p.srcs/sources_1/bd/design_1/ipshared/b2d0/hdl/verilog/sc_node_v1_0_10_t_reqsend.svh
Duplicated file found; will not be sent for synthesis: d:/FPGA_project/lenet_7010/lenet_v_p/lenet_v_p.srcs/sources_1/bd/design_1/ipshared/b2d0/hdl/sc_node_v1_0_vl_rfs.sv
Duplicated file found; will not be sent for synthesis: d:/FPGA_project/lenet_7010/lenet_v_p/lenet_v_p.srcs/sources_1/bd/design_1/ipshared/1ddd/hdl/verilog/sc_util_v1_0_4_constants.vh
Duplicated file found; will not be sent for synthesis: d:/FPGA_project/lenet_7010/lenet_v_p/lenet_v_p.srcs/sources_1/bd/design_1/ipshared/1ddd/hdl/verilog/sc_util_v1_0_4_structs.svh
Duplicated file found; will not be sent for synthesis: d:/FPGA_project/lenet_7010/lenet_v_p/lenet_v_p.srcs/sources_1/bd/design_1/ipshared/1ddd/hdl/sc_util_v1_0_vl_rfs.sv
Duplicated file found; will not be sent for synthesis: d:/FPGA_project/lenet_7010/lenet_v_p/lenet_v_p.srcs/sources_1/bd/design_1/ipshared/b2d0/hdl/verilog/sc_node_v1_0_10_t_reqsend.svh
Duplicated file found; will not be sent for synthesis: d:/FPGA_project/lenet_7010/lenet_v_p/lenet_v_p.srcs/sources_1/bd/design_1/ipshared/b2d0/hdl/sc_node_v1_0_vl_rfs.sv
Duplicated file found; will not be sent for synthesis: d:/FPGA_project/lenet_7010/lenet_v_p/lenet_v_p.srcs/sources_1/bd/design_1/ipshared/1ddd/hdl/verilog/sc_util_v1_0_4_constants.vh
Duplicated file found; will not be sent for synthesis: d:/FPGA_project/lenet_7010/lenet_v_p/lenet_v_p.srcs/sources_1/bd/design_1/ipshared/1ddd/hdl/verilog/sc_util_v1_0_4_structs.svh
Duplicated file found; will not be sent for synthesis: d:/FPGA_project/lenet_7010/lenet_v_p/lenet_v_p.srcs/sources_1/bd/design_1/ipshared/1ddd/hdl/sc_util_v1_0_vl_rfs.sv
Duplicated file found; will not be sent for synthesis: d:/FPGA_project/lenet_7010/lenet_v_p/lenet_v_p.srcs/sources_1/bd/design_1/ipshared/b2d0/hdl/verilog/sc_node_v1_0_10_t_reqsend.svh
Duplicated file found; will not be sent for synthesis: d:/FPGA_project/lenet_7010/lenet_v_p/lenet_v_p.srcs/sources_1/bd/design_1/ipshared/b2d0/hdl/sc_node_v1_0_vl_rfs.sv
Duplicated file found; will not be sent for synthesis: d:/FPGA_project/lenet_7010/lenet_v_p/lenet_v_p.srcs/sources_1/bd/design_1/ipshared/1ddd/hdl/verilog/sc_util_v1_0_4_constants.vh
Duplicated file found; will not be sent for synthesis: d:/FPGA_project/lenet_7010/lenet_v_p/lenet_v_p.srcs/sources_1/bd/design_1/ipshared/1ddd/hdl/verilog/sc_util_v1_0_4_structs.svh
Duplicated file found; will not be sent for synthesis: d:/FPGA_project/lenet_7010/lenet_v_p/lenet_v_p.srcs/sources_1/bd/design_1/ipshared/1ddd/hdl/sc_util_v1_0_vl_rfs.sv
Duplicated file found; will not be sent for synthesis: d:/FPGA_project/lenet_7010/lenet_v_p/lenet_v_p.srcs/sources_1/bd/design_1/ipshared/b2d0/hdl/verilog/sc_node_v1_0_10_t_reqsend.svh
Duplicated file found; will not be sent for synthesis: d:/FPGA_project/lenet_7010/lenet_v_p/lenet_v_p.srcs/sources_1/bd/design_1/ipshared/b2d0/hdl/sc_node_v1_0_vl_rfs.sv
Duplicated file found; will not be sent for synthesis: d:/FPGA_project/lenet_7010/lenet_v_p/lenet_v_p.srcs/sources_1/bd/design_1/ipshared/1ddd/hdl/verilog/sc_util_v1_0_4_constants.vh
Duplicated file found; will not be sent for synthesis: d:/FPGA_project/lenet_7010/lenet_v_p/lenet_v_p.srcs/sources_1/bd/design_1/ipshared/1ddd/hdl/verilog/sc_util_v1_0_4_structs.svh
Duplicated file found; will not be sent for synthesis: d:/FPGA_project/lenet_7010/lenet_v_p/lenet_v_p.srcs/sources_1/bd/design_1/ipshared/1ddd/hdl/sc_util_v1_0_vl_rfs.sv
Duplicated file found; will not be sent for synthesis: d:/FPGA_project/lenet_7010/lenet_v_p/lenet_v_p.srcs/sources_1/bd/design_1/ipshared/b2d0/hdl/verilog/sc_node_v1_0_10_t_reqsend.svh
Duplicated file found; will not be sent for synthesis: d:/FPGA_project/lenet_7010/lenet_v_p/lenet_v_p.srcs/sources_1/bd/design_1/ipshared/b2d0/hdl/sc_node_v1_0_vl_rfs.sv
Duplicated file found; will not be sent for synthesis: d:/FPGA_project/lenet_7010/lenet_v_p/lenet_v_p.srcs/sources_1/bd/design_1/ipshared/1ddd/hdl/verilog/sc_util_v1_0_4_constants.vh
Duplicated file found; will not be sent for synthesis: d:/FPGA_project/lenet_7010/lenet_v_p/lenet_v_p.srcs/sources_1/bd/design_1/ipshared/1ddd/hdl/verilog/sc_util_v1_0_4_structs.svh
Duplicated file found; will not be sent for synthesis: d:/FPGA_project/lenet_7010/lenet_v_p/lenet_v_p.srcs/sources_1/bd/design_1/ipshared/1ddd/hdl/sc_util_v1_0_vl_rfs.sv
Duplicated file found; will not be sent for synthesis: d:/FPGA_project/lenet_7010/lenet_v_p/lenet_v_p.srcs/sources_1/bd/design_1/ipshared/b387/hdl/sc_exit_v1_0_vl_rfs.sv
Duplicated file found; will not be sent for synthesis: d:/FPGA_project/lenet_7010/lenet_v_p/lenet_v_p.srcs/sources_1/bd/design_1/ipshared/1ddd/hdl/verilog/sc_util_v1_0_4_constants.vh
Duplicated file found; will not be sent for synthesis: d:/FPGA_project/lenet_7010/lenet_v_p/lenet_v_p.srcs/sources_1/bd/design_1/ipshared/1ddd/hdl/verilog/sc_util_v1_0_4_structs.svh
Duplicated file found; will not be sent for synthesis: d:/FPGA_project/lenet_7010/lenet_v_p/lenet_v_p.srcs/sources_1/bd/design_1/ipshared/1ddd/hdl/sc_util_v1_0_vl_rfs.sv
Duplicated file found; will not be sent for synthesis: d:/FPGA_project/lenet_7010/lenet_v_p/lenet_v_p.srcs/sources_1/bd/design_1/ipshared/7005/hdl/sc_sc2axi_v1_0_vl_rfs.sv
Duplicated file found; will not be sent for synthesis: d:/FPGA_project/lenet_7010/lenet_v_p/lenet_v_p.srcs/sources_1/bd/design_1/ipshared/1ddd/hdl/verilog/sc_util_v1_0_4_constants.vh
Duplicated file found; will not be sent for synthesis: d:/FPGA_project/lenet_7010/lenet_v_p/lenet_v_p.srcs/sources_1/bd/design_1/ipshared/1ddd/hdl/verilog/sc_util_v1_0_4_structs.svh
Duplicated file found; will not be sent for synthesis: d:/FPGA_project/lenet_7010/lenet_v_p/lenet_v_p.srcs/sources_1/bd/design_1/ipshared/1ddd/hdl/sc_util_v1_0_vl_rfs.sv
Duplicated file found; will not be sent for synthesis: d:/FPGA_project/lenet_7010/lenet_v_p/lenet_v_p.srcs/sources_1/bd/design_1/ipshared/b2d0/hdl/verilog/sc_node_v1_0_10_t_reqsend.svh
Duplicated file found; will not be sent for synthesis: d:/FPGA_project/lenet_7010/lenet_v_p/lenet_v_p.srcs/sources_1/bd/design_1/ipshared/b2d0/hdl/sc_node_v1_0_vl_rfs.sv
Duplicated file found; will not be sent for synthesis: d:/FPGA_project/lenet_7010/lenet_v_p/lenet_v_p.srcs/sources_1/bd/design_1/ipshared/1ddd/hdl/verilog/sc_util_v1_0_4_constants.vh
Duplicated file found; will not be sent for synthesis: d:/FPGA_project/lenet_7010/lenet_v_p/lenet_v_p.srcs/sources_1/bd/design_1/ipshared/1ddd/hdl/verilog/sc_util_v1_0_4_structs.svh
Duplicated file found; will not be sent for synthesis: d:/FPGA_project/lenet_7010/lenet_v_p/lenet_v_p.srcs/sources_1/bd/design_1/ipshared/1ddd/hdl/sc_util_v1_0_vl_rfs.sv
Duplicated file found; will not be sent for synthesis: d:/FPGA_project/lenet_7010/lenet_v_p/lenet_v_p.srcs/sources_1/bd/design_1/ipshared/b2d0/hdl/verilog/sc_node_v1_0_10_t_reqsend.svh
Duplicated file found; will not be sent for synthesis: d:/FPGA_project/lenet_7010/lenet_v_p/lenet_v_p.srcs/sources_1/bd/design_1/ipshared/b2d0/hdl/sc_node_v1_0_vl_rfs.sv
Duplicated file found; will not be sent for synthesis: d:/FPGA_project/lenet_7010/lenet_v_p/lenet_v_p.srcs/sources_1/bd/design_1/ipshared/1ddd/hdl/verilog/sc_util_v1_0_4_constants.vh
Duplicated file found; will not be sent for synthesis: d:/FPGA_project/lenet_7010/lenet_v_p/lenet_v_p.srcs/sources_1/bd/design_1/ipshared/1ddd/hdl/verilog/sc_util_v1_0_4_structs.svh
Duplicated file found; will not be sent for synthesis: d:/FPGA_project/lenet_7010/lenet_v_p/lenet_v_p.srcs/sources_1/bd/design_1/ipshared/1ddd/hdl/sc_util_v1_0_vl_rfs.sv
Duplicated file found; will not be sent for synthesis: d:/FPGA_project/lenet_7010/lenet_v_p/lenet_v_p.srcs/sources_1/bd/design_1/ipshared/b2d0/hdl/verilog/sc_node_v1_0_10_t_reqsend.svh
Duplicated file found; will not be sent for synthesis: d:/FPGA_project/lenet_7010/lenet_v_p/lenet_v_p.srcs/sources_1/bd/design_1/ipshared/b2d0/hdl/sc_node_v1_0_vl_rfs.sv
Duplicated file found; will not be sent for synthesis: d:/FPGA_project/lenet_7010/lenet_v_p/lenet_v_p.srcs/sources_1/bd/design_1/ipshared/1ddd/hdl/verilog/sc_util_v1_0_4_constants.vh
Duplicated file found; will not be sent for synthesis: d:/FPGA_project/lenet_7010/lenet_v_p/lenet_v_p.srcs/sources_1/bd/design_1/ipshared/1ddd/hdl/verilog/sc_util_v1_0_4_structs.svh
Duplicated file found; will not be sent for synthesis: d:/FPGA_project/lenet_7010/lenet_v_p/lenet_v_p.srcs/sources_1/bd/design_1/ipshared/1ddd/hdl/sc_util_v1_0_vl_rfs.sv
Duplicated file found; will not be sent for synthesis: d:/FPGA_project/lenet_7010/lenet_v_p/lenet_v_p.srcs/sources_1/bd/design_1/ipshared/b2d0/hdl/verilog/sc_node_v1_0_10_t_reqsend.svh
Duplicated file found; will not be sent for synthesis: d:/FPGA_project/lenet_7010/lenet_v_p/lenet_v_p.srcs/sources_1/bd/design_1/ipshared/b2d0/hdl/sc_node_v1_0_vl_rfs.sv
Duplicated file found; will not be sent for synthesis: d:/FPGA_project/lenet_7010/lenet_v_p/lenet_v_p.srcs/sources_1/bd/design_1/ipshared/1ddd/hdl/verilog/sc_util_v1_0_4_constants.vh
Duplicated file found; will not be sent for synthesis: d:/FPGA_project/lenet_7010/lenet_v_p/lenet_v_p.srcs/sources_1/bd/design_1/ipshared/1ddd/hdl/verilog/sc_util_v1_0_4_structs.svh
Duplicated file found; will not be sent for synthesis: d:/FPGA_project/lenet_7010/lenet_v_p/lenet_v_p.srcs/sources_1/bd/design_1/ipshared/1ddd/hdl/sc_util_v1_0_vl_rfs.sv
Duplicated file found; will not be sent for synthesis: d:/FPGA_project/lenet_7010/lenet_v_p/lenet_v_p.srcs/sources_1/bd/design_1/ipshared/b2d0/hdl/verilog/sc_node_v1_0_10_t_reqsend.svh
Duplicated file found; will not be sent for synthesis: d:/FPGA_project/lenet_7010/lenet_v_p/lenet_v_p.srcs/sources_1/bd/design_1/ipshared/b2d0/hdl/sc_node_v1_0_vl_rfs.sv
Duplicated file found; will not be sent for synthesis: d:/FPGA_project/lenet_7010/lenet_v_p/lenet_v_p.srcs/sources_1/bd/design_1/ipshared/1ddd/hdl/verilog/sc_util_v1_0_4_constants.vh
Duplicated file found; will not be sent for synthesis: d:/FPGA_project/lenet_7010/lenet_v_p/lenet_v_p.srcs/sources_1/bd/design_1/ipshared/1ddd/hdl/verilog/sc_util_v1_0_4_structs.svh
Duplicated file found; will not be sent for synthesis: d:/FPGA_project/lenet_7010/lenet_v_p/lenet_v_p.srcs/sources_1/bd/design_1/ipshared/1ddd/hdl/sc_util_v1_0_vl_rfs.sv
Duplicated file found; will not be sent for synthesis: d:/FPGA_project/lenet_7010/lenet_v_p/lenet_v_p.srcs/sources_1/bd/design_1/ipshared/b387/hdl/sc_exit_v1_0_vl_rfs.sv
CRC performance measure: elapsed=00:00:00.011s;;memory_peak=2029.383MB;;memory_gain=0.000MB
